warmup_ratio is deprecated and will be removed in v5.2. Use `warmup_steps` instead.
Traceback (most recent call last):
  File "/users/p-skarvelis/glossApi-Trainer/scripts/sft_train_glossapi.py", line 96, in <module>
    script_args, training_args, model_args, _ = parser.parse_args_and_config(return_remaining_strings=True)
                                                ^^^^^^^^^^^^^^^^^^^^^^^^^^^^^^^^^^^^^^^^^^^^^^^^^^^^^^^^^^^
  File "/users/p-skarvelis/glossApi-Trainer/.venv-uenv/lib/python3.12/site-packages/trl/scripts/utils.py", line 335, in parse_args_and_config
    output = self.parse_args_into_dataclasses(args=args, return_remaining_strings=return_remaining_strings)
             ^^^^^^^^^^^^^^^^^^^^^^^^^^^^^^^^^^^^^^^^^^^^^^^^^^^^^^^^^^^^^^^^^^^^^^^^^^^^^^^^^^^^^^^^^^^^^^
  File "/users/p-skarvelis/glossApi-Trainer/.venv-uenv/lib/python3.12/site-packages/trl/scripts/_hf_argparser.py", line 349, in parse_args_into_dataclasses
    obj = dtype(**inputs)
          ^^^^^^^^^^^^^^^
  File "<string>", line 131, in __init__
  File "/users/p-skarvelis/glossApi-Trainer/.venv-uenv/lib/python3.12/site-packages/trl/trainer/sft_config.py", line 270, in __post_init__
    super().__post_init__()
  File "/users/p-skarvelis/glossApi-Trainer/.venv-uenv/lib/python3.12/site-packages/trl/trainer/base_config.py", line 107, in __post_init__
    super().__post_init__()
  File "/users/p-skarvelis/glossApi-Trainer/.venv-uenv/lib/python3.12/site-packages/transformers/training_args.py", line 1485, in __post_init__
    self.eval_strategy = IntervalStrategy(self.eval_strategy)
                         ^^^^^^^^^^^^^^^^^^^^^^^^^^^^^^^^^^^^
  File "/user-environment/linux-sles15-neoverse_v2/gcc-13.3.0/python-3.12.5-tiwaj3tabjlxhozzutmhoxawzy6pmm5s/lib/python3.12/enum.py", line 757, in __call__
    return cls.__new__(cls, value)
           ^^^^^^^^^^^^^^^^^^^^^^^
  File "/user-environment/linux-sles15-neoverse_v2/gcc-13.3.0/python-3.12.5-tiwaj3tabjlxhozzutmhoxawzy6pmm5s/lib/python3.12/enum.py", line 1179, in __new__
    raise exc
  File "/user-environment/linux-sles15-neoverse_v2/gcc-13.3.0/python-3.12.5-tiwaj3tabjlxhozzutmhoxawzy6pmm5s/lib/python3.12/enum.py", line 1156, in __new__
    result = cls._missing_(value)
             ^^^^^^^^^^^^^^^^^^^^
  File "/users/p-skarvelis/glossApi-Trainer/.venv-uenv/lib/python3.12/site-packages/transformers/utils/generic.py", line 499, in _missing_
    raise ValueError(
ValueError: False is not a valid IntervalStrategy, please select one of ['no', 'steps', 'epoch']
